  Building Custom Rule E:/programirane/PokerStars/SimpleGame/SimpleGame/CMakeLists.txt
  CMake does not need to re-run because E:/programirane/PokerStars/SimpleGame/SimpleGame/proj.win32/CMakeFiles/generate.stamp is up-to-date.
  AlienShip.cpp
  EventsHolder.cpp
  AppDelegate.cpp
  Game.cpp
  main.cpp
  precheader.cpp
..\Classes\AlienShip.cpp(38): warning C4244: 'initializing': conversion from 'double' to 'float', possible loss of data
..\Classes\AlienShip.cpp(39): warning C4244: 'initializing': conversion from 'float' to 'int', possible loss of data
..\Classes\AlienShip.cpp(40): warning C4244: 'initializing': conversion from 'float' to 'int', possible loss of data
..\Classes\AlienShip.cpp(44): warning C4244: 'argument': conversion from 'int' to 'float', possible loss of data
..\Classes\AlienShip.cpp(47): warning C4244: 'initializing': conversion from 'float' to 'int', possible loss of data
..\Classes\AlienShip.cpp(48): warning C4244: 'initializing': conversion from 'float' to 'int', possible loss of data
..\Classes\AlienShip.cpp(50): warning C4244: 'argument': conversion from 'int' to 'float', possible loss of data
..\Classes\AlienShip.cpp(55): warning C4305: '-=': truncation from 'double' to 'float'
..\Classes\AlienShip.cpp(56): warning C4305: '-=': truncation from 'double' to 'float'
..\Classes\AlienShip.cpp(64): warning C4305: '-=': truncation from 'double' to 'float'
..\Classes\Game.cpp(71): warning C4244: 'argument': conversion from 'double' to 'float', possible loss of data
..\Classes\Game.cpp(77): warning C4244: 'argument': conversion from 'double' to 'float', possible loss of data
..\Classes\Game.cpp(101): warning C4244: 'argument': conversion from 'double' to 'float', possible loss of data
..\Classes\Game.cpp(132): warning C4305: '-=': truncation from 'double' to 'float'
..\Classes\Game.cpp(158): warning C4305: '-=': truncation from 'double' to 'float'
libbullet.lib(btAlignedAllocator.obj) : warning LNK4075: ignoring '/EDITANDCONTINUE' due to '/SAFESEH' specification
     Creating library E:/programirane/PokerStars/SimpleGame/SimpleGame/proj.win32/Debug/SimpleGame.lib and object E:/programirane/PokerStars/SimpleGame/SimpleGame/proj.win32/Debug/SimpleGame.exp
LINK : warning LNK4098: defaultlib 'LIBCMT' conflicts with use of other libs; use /NODEFAULTLIB:library
LINK : warning LNK4098: defaultlib 'MSVCRT' conflicts with use of other libs; use /NODEFAULTLIB:library
libchipmunk.lib(chipmunk.obj) : warning LNK4099: PDB 'chipmunk_static.pdb' was not found with 'libchipmunk.lib(chipmunk.obj)' or at 'E:\programirane\PokerStars\SimpleGame\SimpleGame\proj.win32\bin\SimpleGame\Debug\chipmunk_static.pdb'; linking object as if no debug info
libchipmunk.lib(cpArbiter.obj) : warning LNK4099: PDB 'chipmunk_static.pdb' was not found with 'libchipmunk.lib(cpArbiter.obj)' or at 'E:\programirane\PokerStars\SimpleGame\SimpleGame\proj.win32\bin\SimpleGame\Debug\chipmunk_static.pdb'; linking object as if no debug info
libchipmunk.lib(cpArray.obj) : warning LNK4099: PDB 'chipmunk_static.pdb' was not found with 'libchipmunk.lib(cpArray.obj)' or at 'E:\programirane\PokerStars\SimpleGame\SimpleGame\proj.win32\bin\SimpleGame\Debug\chipmunk_static.pdb'; linking object as if no debug info
libchipmunk.lib(cpBBTree.obj) : warning LNK4099: PDB 'chipmunk_static.pdb' was not found with 'libchipmunk.lib(cpBBTree.obj)' or at 'E:\programirane\PokerStars\SimpleGame\SimpleGame\proj.win32\bin\SimpleGame\Debug\chipmunk_static.pdb'; linking object as if no debug info
libchipmunk.lib(cpBody.obj) : warning LNK4099: PDB 'chipmunk_static.pdb' was not found with 'libchipmunk.lib(cpBody.obj)' or at 'E:\programirane\PokerStars\SimpleGame\SimpleGame\proj.win32\bin\SimpleGame\Debug\chipmunk_static.pdb'; linking object as if no debug info
libchipmunk.lib(cpCollision.obj) : warning LNK4099: PDB 'chipmunk_static.pdb' was not found with 'libchipmunk.lib(cpCollision.obj)' or at 'E:\programirane\PokerStars\SimpleGame\SimpleGame\proj.win32\bin\SimpleGame\Debug\chipmunk_static.pdb'; linking object as if no debug info
libchipmunk.lib(cpConstraint.obj) : warning LNK4099: PDB 'chipmunk_static.pdb' was not found with 'libchipmunk.lib(cpConstraint.obj)' or at 'E:\programirane\PokerStars\SimpleGame\SimpleGame\proj.win32\bin\SimpleGame\Debug\chipmunk_static.pdb'; linking object as if no debug info
libchipmunk.lib(cpDampedRotarySpring.obj) : warning LNK4099: PDB 'chipmunk_static.pdb' was not found with 'libchipmunk.lib(cpDampedRotarySpring.obj)' or at 'E:\programirane\PokerStars\SimpleGame\SimpleGame\proj.win32\bin\SimpleGame\Debug\chipmunk_static.pdb'; linking object as if no debug info
libchipmunk.lib(cpDampedSpring.obj) : warning LNK4099: PDB 'chipmunk_static.pdb' was not found with 'libchipmunk.lib(cpDampedSpring.obj)' or at 'E:\programirane\PokerStars\SimpleGame\SimpleGame\proj.win32\bin\SimpleGame\Debug\chipmunk_static.pdb'; linking object as if no debug info
libchipmunk.lib(cpGearJoint.obj) : warning LNK4099: PDB 'chipmunk_static.pdb' was not found with 'libchipmunk.lib(cpGearJoint.obj)' or at 'E:\programirane\PokerStars\SimpleGame\SimpleGame\proj.win32\bin\SimpleGame\Debug\chipmunk_static.pdb'; linking object as if no debug info
libchipmunk.lib(cpGrooveJoint.obj) : warning LNK4099: PDB 'chipmunk_static.pdb' was not found with 'libchipmunk.lib(cpGrooveJoint.obj)' or at 'E:\programirane\PokerStars\SimpleGame\SimpleGame\proj.win32\bin\SimpleGame\Debug\chipmunk_static.pdb'; linking object as if no debug info
libchipmunk.lib(cpHashSet.obj) : warning LNK4099: PDB 'chipmunk_static.pdb' was not found with 'libchipmunk.lib(cpHashSet.obj)' or at 'E:\programirane\PokerStars\SimpleGame\SimpleGame\proj.win32\bin\SimpleGame\Debug\chipmunk_static.pdb'; linking object as if no debug info
libchipmunk.lib(cpPinJoint.obj) : warning LNK4099: PDB 'chipmunk_static.pdb' was not found with 'libchipmunk.lib(cpPinJoint.obj)' or at 'E:\programirane\PokerStars\SimpleGame\SimpleGame\proj.win32\bin\SimpleGame\Debug\chipmunk_static.pdb'; linking object as if no debug info
libchipmunk.lib(cpPivotJoint.obj) : warning LNK4099: PDB 'chipmunk_static.pdb' was not found with 'libchipmunk.lib(cpPivotJoint.obj)' or at 'E:\programirane\PokerStars\SimpleGame\SimpleGame\proj.win32\bin\SimpleGame\Debug\chipmunk_static.pdb'; linking object as if no debug info
libchipmunk.lib(cpPolyShape.obj) : warning LNK4099: PDB 'chipmunk_static.pdb' was not found with 'libchipmunk.lib(cpPolyShape.obj)' or at 'E:\programirane\PokerStars\SimpleGame\SimpleGame\proj.win32\bin\SimpleGame\Debug\chipmunk_static.pdb'; linking object as if no debug info
libchipmunk.lib(cpRatchetJoint.obj) : warning LNK4099: PDB 'chipmunk_static.pdb' was not found with 'libchipmunk.lib(cpRatchetJoint.obj)' or at 'E:\programirane\PokerStars\SimpleGame\SimpleGame\proj.win32\bin\SimpleGame\Debug\chipmunk_static.pdb'; linking object as if no debug info
libchipmunk.lib(cpRobust.obj) : warning LNK4099: PDB 'chipmunk_static.pdb' was not found with 'libchipmunk.lib(cpRobust.obj)' or at 'E:\programirane\PokerStars\SimpleGame\SimpleGame\proj.win32\bin\SimpleGame\Debug\chipmunk_static.pdb'; linking object as if no debug info
libchipmunk.lib(cpRotaryLimitJoint.obj) : warning LNK4099: PDB 'chipmunk_static.pdb' was not found with 'libchipmunk.lib(cpRotaryLimitJoint.obj)' or at 'E:\programirane\PokerStars\SimpleGame\SimpleGame\proj.win32\bin\SimpleGame\Debug\chipmunk_static.pdb'; linking object as if no debug info
libchipmunk.lib(cpShape.obj) : warning LNK4099: PDB 'chipmunk_static.pdb' was not found with 'libchipmunk.lib(cpShape.obj)' or at 'E:\programirane\PokerStars\SimpleGame\SimpleGame\proj.win32\bin\SimpleGame\Debug\chipmunk_static.pdb'; linking object as if no debug info
libchipmunk.lib(cpSimpleMotor.obj) : warning LNK4099: PDB 'chipmunk_static.pdb' was not found with 'libchipmunk.lib(cpSimpleMotor.obj)' or at 'E:\programirane\PokerStars\SimpleGame\SimpleGame\proj.win32\bin\SimpleGame\Debug\chipmunk_static.pdb'; linking object as if no debug info
libchipmunk.lib(cpSlideJoint.obj) : warning LNK4099: PDB 'chipmunk_static.pdb' was not found with 'libchipmunk.lib(cpSlideJoint.obj)' or at 'E:\programirane\PokerStars\SimpleGame\SimpleGame\proj.win32\bin\SimpleGame\Debug\chipmunk_static.pdb'; linking object as if no debug info
libchipmunk.lib(cpSpace.obj) : warning LNK4099: PDB 'chipmunk_static.pdb' was not found with 'libchipmunk.lib(cpSpace.obj)' or at 'E:\programirane\PokerStars\SimpleGame\SimpleGame\proj.win32\bin\SimpleGame\Debug\chipmunk_static.pdb'; linking object as if no debug info
libchipmunk.lib(cpSpaceComponent.obj) : warning LNK4099: PDB 'chipmunk_static.pdb' was not found with 'libchipmunk.lib(cpSpaceComponent.obj)' or at 'E:\programirane\PokerStars\SimpleGame\SimpleGame\proj.win32\bin\SimpleGame\Debug\chipmunk_static.pdb'; linking object as if no debug info
libchipmunk.lib(cpSpaceDebug.obj) : warning LNK4099: PDB 'chipmunk_static.pdb' was not found with 'libchipmunk.lib(cpSpaceDebug.obj)' or at 'E:\programirane\PokerStars\SimpleGame\SimpleGame\proj.win32\bin\SimpleGame\Debug\chipmunk_static.pdb'; linking object as if no debug info
libchipmunk.lib(cpSpaceHash.obj) : warning LNK4099: PDB 'chipmunk_static.pdb' was not found with 'libchipmunk.lib(cpSpaceHash.obj)' or at 'E:\programirane\PokerStars\SimpleGame\SimpleGame\proj.win32\bin\SimpleGame\Debug\chipmunk_static.pdb'; linking object as if no debug info
libchipmunk.lib(cpSpaceQuery.obj) : warning LNK4099: PDB 'chipmunk_static.pdb' was not found with 'libchipmunk.lib(cpSpaceQuery.obj)' or at 'E:\programirane\PokerStars\SimpleGame\SimpleGame\proj.win32\bin\SimpleGame\Debug\chipmunk_static.pdb'; linking object as if no debug info
libchipmunk.lib(cpSpaceStep.obj) : warning LNK4099: PDB 'chipmunk_static.pdb' was not found with 'libchipmunk.lib(cpSpaceStep.obj)' or at 'E:\programirane\PokerStars\SimpleGame\SimpleGame\proj.win32\bin\SimpleGame\Debug\chipmunk_static.pdb'; linking object as if no debug info
libchipmunk.lib(cpSpatialIndex.obj) : warning LNK4099: PDB 'chipmunk_static.pdb' was not found with 'libchipmunk.lib(cpSpatialIndex.obj)' or at 'E:\programirane\PokerStars\SimpleGame\SimpleGame\proj.win32\bin\SimpleGame\Debug\chipmunk_static.pdb'; linking object as if no debug info
libbullet.lib(btCollisionAlgorithm.obj) : warning LNK4099: PDB 'libbullet.pdb' was not found with 'libbullet.lib(btCollisionAlgorithm.obj)' or at 'E:\programirane\PokerStars\SimpleGame\SimpleGame\proj.win32\bin\SimpleGame\Debug\libbullet.pdb'; linking object as if no debug info
libbullet.lib(btDbvt.obj) : warning LNK4099: PDB 'libbullet.pdb' was not found with 'libbullet.lib(btDbvt.obj)' or at 'E:\programirane\PokerStars\SimpleGame\SimpleGame\proj.win32\bin\SimpleGame\Debug\libbullet.pdb'; linking object as if no debug info
libbullet.lib(btDbvtBroadphase.obj) : warning LNK4099: PDB 'libbullet.pdb' was not found with 'libbullet.lib(btDbvtBroadphase.obj)' or at 'E:\programirane\PokerStars\SimpleGame\SimpleGame\proj.win32\bin\SimpleGame\Debug\libbullet.pdb'; linking object as if no debug info
libbullet.lib(btDispatcher.obj) : warning LNK4099: PDB 'libbullet.pdb' was not found with 'libbullet.lib(btDispatcher.obj)' or at 'E:\programirane\PokerStars\SimpleGame\SimpleGame\proj.win32\bin\SimpleGame\Debug\libbullet.pdb'; linking object as if no debug info
libbullet.lib(btOverlappingPairCache.obj) : warning LNK4099: PDB 'libbullet.pdb' was not found with 'libbullet.lib(btOverlappingPairCache.obj)' or at 'E:\programirane\PokerStars\SimpleGame\SimpleGame\proj.win32\bin\SimpleGame\Debug\libbullet.pdb'; linking object as if no debug info
libbullet.lib(btQuantizedBvh.obj) : warning LNK4099: PDB 'libbullet.pdb' was not found with 'libbullet.lib(btQuantizedBvh.obj)' or at 'E:\programirane\PokerStars\SimpleGame\SimpleGame\proj.win32\bin\SimpleGame\Debug\libbullet.pdb'; linking object as if no debug info
libbullet.lib(btActivatingCollisionAlgorithm.obj) : warning LNK4099: PDB 'libbullet.pdb' was not found with 'libbullet.lib(btActivatingCollisionAlgorithm.obj)' or at 'E:\programirane\PokerStars\SimpleGame\SimpleGame\proj.win32\bin\SimpleGame\Debug\libbullet.pdb'; linking object as if no debug info
libbullet.lib(btBoxBoxCollisionAlgorithm.obj) : warning LNK4099: PDB 'libbullet.pdb' was not found with 'libbullet.lib(btBoxBoxCollisionAlgorithm.obj)' or at 'E:\programirane\PokerStars\SimpleGame\SimpleGame\proj.win32\bin\SimpleGame\Debug\libbullet.pdb'; linking object as if no debug info
libbullet.lib(btBoxBoxDetector.obj) : warning LNK4099: PDB 'libbullet.pdb' was not found with 'libbullet.lib(btBoxBoxDetector.obj)' or at 'E:\programirane\PokerStars\SimpleGame\SimpleGame\proj.win32\bin\SimpleGame\Debug\libbullet.pdb'; linking object as if no debug info
libbullet.lib(btCollisionDispatcher.obj) : warning LNK4099: PDB 'libbullet.pdb' was not found with 'libbullet.lib(btCollisionDispatcher.obj)' or at 'E:\programirane\PokerStars\SimpleGame\SimpleGame\proj.win32\bin\SimpleGame\Debug\libbullet.pdb'; linking object as if no debug info
libbullet.lib(btCollisionObject.obj) : warning LNK4099: PDB 'libbullet.pdb' was not found with 'libbullet.lib(btCollisionObject.obj)' or at 'E:\programirane\PokerStars\SimpleGame\SimpleGame\proj.win32\bin\SimpleGame\Debug\libbullet.pdb'; linking object as if no debug info
libbullet.lib(btCollisionWorld.obj) : warning LNK4099: PDB 'libbullet.pdb' was not found with 'libbullet.lib(btCollisionWorld.obj)' or at 'E:\programirane\PokerStars\SimpleGame\SimpleGame\proj.win32\bin\SimpleGame\Debug\libbullet.pdb'; linking object as if no debug info
libbullet.lib(btCompoundCollisionAlgorithm.obj) : warning LNK4099: PDB 'libbullet.pdb' was not found with 'libbullet.lib(btCompoundCollisionAlgorithm.obj)' or at 'E:\programirane\PokerStars\SimpleGame\SimpleGame\proj.win32\bin\SimpleGame\Debug\libbullet.pdb'; linking object as if no debug info
libbullet.lib(btCompoundCompoundCollisionAlgorithm.obj) : warning LNK4099: PDB 'libbullet.pdb' was not found with 'libbullet.lib(btCompoundCompoundCollisionAlgorithm.obj)' or at 'E:\programirane\PokerStars\SimpleGame\SimpleGame\proj.win32\bin\SimpleGame\Debug\libbullet.pdb'; linking object as if no debug info
libbullet.lib(btConvexConcaveCollisionAlgorithm.obj) : warning LNK4099: PDB 'libbullet.pdb' was not found with 'libbullet.lib(btConvexConcaveCollisionAlgorithm.obj)' or at 'E:\programirane\PokerStars\SimpleGame\SimpleGame\proj.win32\bin\SimpleGame\Debug\libbullet.pdb'; linking object as if no debug info
libbullet.lib(btConvexConvexAlgorithm.obj) : warning LNK4099: PDB 'libbullet.pdb' was not found with 'libbullet.lib(btConvexConvexAlgorithm.obj)' or at 'E:\programirane\PokerStars\SimpleGame\SimpleGame\proj.win32\bin\SimpleGame\Debug\libbullet.pdb'; linking object as if no debug info
libbullet.lib(btConvexPlaneCollisionAlgorithm.obj) : warning LNK4099: PDB 'libbullet.pdb' was not found with 'libbullet.lib(btConvexPlaneCollisionAlgorithm.obj)' or at 'E:\programirane\PokerStars\SimpleGame\SimpleGame\proj.win32\bin\SimpleGame\Debug\libbullet.pdb'; linking object as if no debug info
libbullet.lib(btDefaultCollisionConfiguration.obj) : warning LNK4099: PDB 'libbullet.pdb' was not found with 'libbullet.lib(btDefaultCollisionConfiguration.obj)' or at 'E:\programirane\PokerStars\SimpleGame\SimpleGame\proj.win32\bin\SimpleGame\Debug\libbullet.pdb'; linking object as if no debug info
libbullet.lib(btEmptyCollisionAlgorithm.obj) : warning LNK4099: PDB 'libbullet.pdb' was not found with 'libbullet.lib(btEmptyCollisionAlgorithm.obj)' or at 'E:\programirane\PokerStars\SimpleGame\SimpleGame\proj.win32\bin\SimpleGame\Debug\libbullet.pdb'; linking object as if no debug info
libbullet.lib(btGhostObject.obj) : warning LNK4099: PDB 'libbullet.pdb' was not found with 'libbullet.lib(btGhostObject.obj)' or at 'E:\programirane\PokerStars\SimpleGame\SimpleGame\proj.win32\bin\SimpleGame\Debug\libbullet.pdb'; linking object as if no debug info
libbullet.lib(btHashedSimplePairCache.obj) : warning LNK4099: PDB 'libbullet.pdb' was not found with 'libbullet.lib(btHashedSimplePairCache.obj)' or at 'E:\programirane\PokerStars\SimpleGame\SimpleGame\proj.win32\bin\SimpleGame\Debug\libbullet.pdb'; linking object as if no debug info
libbullet.lib(btManifoldResult.obj) : warning LNK4099: PDB 'libbullet.pdb' was not found with 'libbullet.lib(btManifoldResult.obj)' or at 'E:\programirane\PokerStars\SimpleGame\SimpleGame\proj.win32\bin\SimpleGame\Debug\libbullet.pdb'; linking object as if no debug info
libbullet.lib(btSimulationIslandManager.obj) : warning LNK4099: PDB 'libbullet.pdb' was not found with 'libbullet.lib(btSimulationIslandManager.obj)' or at 'E:\programirane\PokerStars\SimpleGame\SimpleGame\proj.win32\bin\SimpleGame\Debug\libbullet.pdb'; linking object as if no debug info
libbullet.lib(btSphereSphereCollisionAlgorithm.obj) : warning LNK4099: PDB 'libbullet.pdb' was not found with 'libbullet.lib(btSphereSphereCollisionAlgorithm.obj)' or at 'E:\programirane\PokerStars\SimpleGame\SimpleGame\proj.win32\bin\SimpleGame\Debug\libbullet.pdb'; linking object as if no debug info
libbullet.lib(btSphereTriangleCollisionAlgorithm.obj) : warning LNK4099: PDB 'libbullet.pdb' was not found with 'libbullet.lib(btSphereTriangleCollisionAlgorithm.obj)' or at 'E:\programirane\PokerStars\SimpleGame\SimpleGame\proj.win32\bin\SimpleGame\Debug\libbullet.pdb'; linking object as if no debug info
libbullet.lib(btUnionFind.obj) : warning LNK4099: PDB 'libbullet.pdb' was not found with 'libbullet.lib(btUnionFind.obj)' or at 'E:\programirane\PokerStars\SimpleGame\SimpleGame\proj.win32\bin\SimpleGame\Debug\libbullet.pdb'; linking object as if no debug info
libbullet.lib(SphereTriangleDetector.obj) : warning LNK4099: PDB 'libbullet.pdb' was not found with 'libbullet.lib(SphereTriangleDetector.obj)' or at 'E:\programirane\PokerStars\SimpleGame\SimpleGame\proj.win32\bin\SimpleGame\Debug\libbullet.pdb'; linking object as if no debug info
libbullet.lib(btBvhTriangleMeshShape.obj) : warning LNK4099: PDB 'libbullet.pdb' was not found with 'libbullet.lib(btBvhTriangleMeshShape.obj)' or at 'E:\programirane\PokerStars\SimpleGame\SimpleGame\proj.win32\bin\SimpleGame\Debug\libbullet.pdb'; linking object as if no debug info
libbullet.lib(btCollisionShape.obj) : warning LNK4099: PDB 'libbullet.pdb' was not found with 'libbullet.lib(btCollisionShape.obj)' or at 'E:\programirane\PokerStars\SimpleGame\SimpleGame\proj.win32\bin\SimpleGame\Debug\libbullet.pdb'; linking object as if no debug info
libbullet.lib(btConcaveShape.obj) : warning LNK4099: PDB 'libbullet.pdb' was not found with 'libbullet.lib(btConcaveShape.obj)' or at 'E:\programirane\PokerStars\SimpleGame\SimpleGame\proj.win32\bin\SimpleGame\Debug\libbullet.pdb'; linking object as if no debug info
libbullet.lib(btConvexInternalShape.obj) : warning LNK4099: PDB 'libbullet.pdb' was not found with 'libbullet.lib(btConvexInternalShape.obj)' or at 'E:\programirane\PokerStars\SimpleGame\SimpleGame\proj.win32\bin\SimpleGame\Debug\libbullet.pdb'; linking object as if no debug info
libbullet.lib(btConvexPolyhedron.obj) : warning LNK4099: PDB 'libbullet.pdb' was not found with 'libbullet.lib(btConvexPolyhedron.obj)' or at 'E:\programirane\PokerStars\SimpleGame\SimpleGame\proj.win32\bin\SimpleGame\Debug\libbullet.pdb'; linking object as if no debug info
libbullet.lib(btConvexShape.obj) : warning LNK4099: PDB 'libbullet.pdb' was not found with 'libbullet.lib(btConvexShape.obj)' or at 'E:\programirane\PokerStars\SimpleGame\SimpleGame\proj.win32\bin\SimpleGame\Debug\libbullet.pdb'; linking object as if no debug info
libbullet.lib(btOptimizedBvh.obj) : warning LNK4099: PDB 'libbullet.pdb' was not found with 'libbullet.lib(btOptimizedBvh.obj)' or at 'E:\programirane\PokerStars\SimpleGame\SimpleGame\proj.win32\bin\SimpleGame\Debug\libbullet.pdb'; linking object as if no debug info
libbullet.lib(btPolyhedralConvexShape.obj) : warning LNK4099: PDB 'libbullet.pdb' was not found with 'libbullet.lib(btPolyhedralConvexShape.obj)' or at 'E:\programirane\PokerStars\SimpleGame\SimpleGame\proj.win32\bin\SimpleGame\Debug\libbullet.pdb'; linking object as if no debug info
libbullet.lib(btSphereShape.obj) : warning LNK4099: PDB 'libbullet.pdb' was not found with 'libbullet.lib(btSphereShape.obj)' or at 'E:\programirane\PokerStars\SimpleGame\SimpleGame\proj.win32\bin\SimpleGame\Debug\libbullet.pdb'; linking object as if no debug info
libbullet.lib(btTriangleCallback.obj) : warning LNK4099: PDB 'libbullet.pdb' was not found with 'libbullet.lib(btTriangleCallback.obj)' or at 'E:\programirane\PokerStars\SimpleGame\SimpleGame\proj.win32\bin\SimpleGame\Debug\libbullet.pdb'; linking object as if no debug info
libbullet.lib(btTriangleMeshShape.obj) : warning LNK4099: PDB 'libbullet.pdb' was not found with 'libbullet.lib(btTriangleMeshShape.obj)' or at 'E:\programirane\PokerStars\SimpleGame\SimpleGame\proj.win32\bin\SimpleGame\Debug\libbullet.pdb'; linking object as if no debug info
libbullet.lib(btContinuousConvexCollision.obj) : warning LNK4099: PDB 'libbullet.pdb' was not found with 'libbullet.lib(btContinuousConvexCollision.obj)' or at 'E:\programirane\PokerStars\SimpleGame\SimpleGame\proj.win32\bin\SimpleGame\Debug\libbullet.pdb'; linking object as if no debug info
libbullet.lib(btConvexCast.obj) : warning LNK4099: PDB 'libbullet.pdb' was not found with 'libbullet.lib(btConvexCast.obj)' or at 'E:\programirane\PokerStars\SimpleGame\SimpleGame\proj.win32\bin\SimpleGame\Debug\libbullet.pdb'; linking object as if no debug info
libbullet.lib(btGjkConvexCast.obj) : warning LNK4099: PDB 'libbullet.pdb' was not found with 'libbullet.lib(btGjkConvexCast.obj)' or at 'E:\programirane\PokerStars\SimpleGame\SimpleGame\proj.win32\bin\SimpleGame\Debug\libbullet.pdb'; linking object as if no debug info
libbullet.lib(btGjkEpa2.obj) : warning LNK4099: PDB 'libbullet.pdb' was not found with 'libbullet.lib(btGjkEpa2.obj)' or at 'E:\programirane\PokerStars\SimpleGame\SimpleGame\proj.win32\bin\SimpleGame\Debug\libbullet.pdb'; linking object as if no debug info
libbullet.lib(btGjkEpaPenetrationDepthSolver.obj) : warning LNK4099: PDB 'libbullet.pdb' was not found with 'libbullet.lib(btGjkEpaPenetrationDepthSolver.obj)' or at 'E:\programirane\PokerStars\SimpleGame\SimpleGame\proj.win32\bin\SimpleGame\Debug\libbullet.pdb'; linking object as if no debug info
libbullet.lib(btGjkPairDetector.obj) : warning LNK4099: PDB 'libbullet.pdb' was not found with 'libbullet.lib(btGjkPairDetector.obj)' or at 'E:\programirane\PokerStars\SimpleGame\SimpleGame\proj.win32\bin\SimpleGame\Debug\libbullet.pdb'; linking object as if no debug info
libbullet.lib(btMinkowskiPenetrationDepthSolver.obj) : warning LNK4099: PDB 'libbullet.pdb' was not found with 'libbullet.lib(btMinkowskiPenetrationDepthSolver.obj)' or at 'E:\programirane\PokerStars\SimpleGame\SimpleGame\proj.win32\bin\SimpleGame\Debug\libbullet.pdb'; linking object as if no debug info
libbullet.lib(btPersistentManifold.obj) : warning LNK4099: PDB 'libbullet.pdb' was not found with 'libbullet.lib(btPersistentManifold.obj)' or at 'E:\programirane\PokerStars\SimpleGame\SimpleGame\proj.win32\bin\SimpleGame\Debug\libbullet.pdb'; linking object as if no debug info
libbullet.lib(btPolyhedralContactClipping.obj) : warning LNK4099: PDB 'libbullet.pdb' was not found with 'libbullet.lib(btPolyhedralContactClipping.obj)' or at 'E:\programirane\PokerStars\SimpleGame\SimpleGame\proj.win32\bin\SimpleGame\Debug\libbullet.pdb'; linking object as if no debug info
libbullet.lib(btRaycastCallback.obj) : warning LNK4099: PDB 'libbullet.pdb' was not found with 'libbullet.lib(btRaycastCallback.obj)' or at 'E:\programirane\PokerStars\SimpleGame\SimpleGame\proj.win32\bin\SimpleGame\Debug\libbullet.pdb'; linking object as if no debug info
libbullet.lib(btSubSimplexConvexCast.obj) : warning LNK4099: PDB 'libbullet.pdb' was not found with 'libbullet.lib(btSubSimplexConvexCast.obj)' or at 'E:\programirane\PokerStars\SimpleGame\SimpleGame\proj.win32\bin\SimpleGame\Debug\libbullet.pdb'; linking object as if no debug info
libbullet.lib(btVoronoiSimplexSolver.obj) : warning LNK4099: PDB 'libbullet.pdb' was not found with 'libbullet.lib(btVoronoiSimplexSolver.obj)' or at 'E:\programirane\PokerStars\SimpleGame\SimpleGame\proj.win32\bin\SimpleGame\Debug\libbullet.pdb'; linking object as if no debug info
libbullet.lib(btConeTwistConstraint.obj) : warning LNK4099: PDB 'libbullet.pdb' was not found with 'libbullet.lib(btConeTwistConstraint.obj)' or at 'E:\programirane\PokerStars\SimpleGame\SimpleGame\proj.win32\bin\SimpleGame\Debug\libbullet.pdb'; linking object as if no debug info
libbullet.lib(btGeneric6DofConstraint.obj) : warning LNK4099: PDB 'libbullet.pdb' was not found with 'libbullet.lib(btGeneric6DofConstraint.obj)' or at 'E:\programirane\PokerStars\SimpleGame\SimpleGame\proj.win32\bin\SimpleGame\Debug\libbullet.pdb'; linking object as if no debug info
libbullet.lib(btSequentialImpulseConstraintSolver.obj) : warning LNK4099: PDB 'libbullet.pdb' was not found with 'libbullet.lib(btSequentialImpulseConstraintSolver.obj)' or at 'E:\programirane\PokerStars\SimpleGame\SimpleGame\proj.win32\bin\SimpleGame\Debug\libbullet.pdb'; linking object as if no debug info
libbullet.lib(btTypedConstraint.obj) : warning LNK4099: PDB 'libbullet.pdb' was not found with 'libbullet.lib(btTypedConstraint.obj)' or at 'E:\programirane\PokerStars\SimpleGame\SimpleGame\proj.win32\bin\SimpleGame\Debug\libbullet.pdb'; linking object as if no debug info
libbullet.lib(btDiscreteDynamicsWorld.obj) : warning LNK4099: PDB 'libbullet.pdb' was not found with 'libbullet.lib(btDiscreteDynamicsWorld.obj)' or at 'E:\programirane\PokerStars\SimpleGame\SimpleGame\proj.win32\bin\SimpleGame\Debug\libbullet.pdb'; linking object as if no debug info
libbullet.lib(btRigidBody.obj) : warning LNK4099: PDB 'libbullet.pdb' was not found with 'libbullet.lib(btRigidBody.obj)' or at 'E:\programirane\PokerStars\SimpleGame\SimpleGame\proj.win32\bin\SimpleGame\Debug\libbullet.pdb'; linking object as if no debug info
libbullet.lib(btAlignedAllocator.obj) : warning LNK4099: PDB 'libbullet.pdb' was not found with 'libbullet.lib(btAlignedAllocator.obj)' or at 'E:\programirane\PokerStars\SimpleGame\SimpleGame\proj.win32\bin\SimpleGame\Debug\libbullet.pdb'; linking object as if no debug info
libbullet.lib(btConvexHullComputer.obj) : warning LNK4099: PDB 'libbullet.pdb' was not found with 'libbullet.lib(btConvexHullComputer.obj)' or at 'E:\programirane\PokerStars\SimpleGame\SimpleGame\proj.win32\bin\SimpleGame\Debug\libbullet.pdb'; linking object as if no debug info
libbullet.lib(btGeometryUtil.obj) : warning LNK4099: PDB 'libbullet.pdb' was not found with 'libbullet.lib(btGeometryUtil.obj)' or at 'E:\programirane\PokerStars\SimpleGame\SimpleGame\proj.win32\bin\SimpleGame\Debug\libbullet.pdb'; linking object as if no debug info
libbullet.lib(btQuickprof.obj) : warning LNK4099: PDB 'libbullet.pdb' was not found with 'libbullet.lib(btQuickprof.obj)' or at 'E:\programirane\PokerStars\SimpleGame\SimpleGame\proj.win32\bin\SimpleGame\Debug\libbullet.pdb'; linking object as if no debug info
libbullet.lib(btVector3.obj) : warning LNK4099: PDB 'libbullet.pdb' was not found with 'libbullet.lib(btVector3.obj)' or at 'E:\programirane\PokerStars\SimpleGame\SimpleGame\proj.win32\bin\SimpleGame\Debug\libbullet.pdb'; linking object as if no debug info
  SimpleGame.vcxproj -> E:\programirane\PokerStars\SimpleGame\SimpleGame\proj.win32\bin\SimpleGame\Debug\SimpleGame.exe
